Flow report for processor
Wed Dec 20 17:25:26 2017
Quartus Prime Version 17.0.0 Build 595 04/25/2017 SJ Lite Edition


---------------------
; Table of Contents ;
---------------------
  1. Legal Notice
  2. Flow Summary
  3. Flow Settings
  4. Flow Non-Default Global Settings
  5. Flow Elapsed Time
  6. Flow OS Summary
  7. Flow Log
  8. Flow Messages
  9. Flow Suppressed Messages



----------------
; Legal Notice ;
----------------
Copyright (C) 2017  Intel Corporation. All rights reserved.
Your use of Intel Corporation's design tools, logic functions 
and other software and tools, and its AMPP partner logic 
functions, and any output files from any of the foregoing 
(including device programming or simulation files), and any 
associated documentation or information are expressly subject 
to the terms and conditions of the Intel Program License 
Subscription Agreement, the Intel Quartus Prime License Agreement,
the Intel MegaCore Function License Agreement, or other 
applicable license agreement, including, without limitation, 
that your use is for the sole purpose of programming logic 
devices manufactured by Intel and sold by Intel or its 
authorized distributors.  Please refer to the applicable 
agreement for further details.



+-------------------------------------------------------------------------------+
; Flow Summary                                                                  ;
+---------------------------------+---------------------------------------------+
; Flow Status                     ; Successful - Wed Dec 20 17:25:26 2017       ;
; Quartus Prime Version           ; 17.0.0 Build 595 04/25/2017 SJ Lite Edition ;
; Revision Name                   ; processor                                   ;
; Top-level Entity Name           ; adder                                       ;
; Family                          ; Cyclone V                                   ;
; Device                          ; 5CGXFC7C7F23C8                              ;
; Timing Models                   ; Final                                       ;
; Logic utilization (in ALMs)     ; 60 / 56,480 ( < 1 % )                       ;
; Total registers                 ; 0                                           ;
; Total pins                      ; 98 / 268 ( 37 % )                           ;
; Total virtual pins              ; 0                                           ;
; Total block memory bits         ; 0 / 7,024,640 ( 0 % )                       ;
; Total DSP Blocks                ; 0 / 156 ( 0 % )                             ;
; Total HSSI RX PCSs              ; 0 / 6 ( 0 % )                               ;
; Total HSSI PMA RX Deserializers ; 0 / 6 ( 0 % )                               ;
; Total HSSI TX PCSs              ; 0 / 6 ( 0 % )                               ;
; Total HSSI PMA TX Serializers   ; 0 / 6 ( 0 % )                               ;
; Total PLLs                      ; 0 / 13 ( 0 % )                              ;
; Total DLLs                      ; 0 / 4 ( 0 % )                               ;
+---------------------------------+---------------------------------------------+


+-----------------------------------------+
; Flow Settings                           ;
+-------------------+---------------------+
; Option            ; Setting             ;
+-------------------+---------------------+
; Start date & time ; 12/20/2017 17:18:17 ;
; Main task         ; Compilation         ;
; Revision Name     ; processor           ;
+-------------------+---------------------+


+-----------------------------------------------------------------------------------------------------------------------------+
; Flow Non-Default Global Settings                                                                                            ;
+-------------------------------------+----------------------------------------+---------------+-------------+----------------+
; Assignment Name                     ; Value                                  ; Default Value ; Entity Name ; Section Id     ;
+-------------------------------------+----------------------------------------+---------------+-------------+----------------+
; COMPILER_SIGNATURE_ID               ; 53214319186361.151381189701308         ; --            ; --          ; --             ;
; EDA_OUTPUT_DATA_FORMAT              ; Verilog Hdl                            ; --            ; --          ; eda_simulation ;
; EDA_SIMULATION_TOOL                 ; ModelSim-Altera (Verilog)              ; <None>        ; --          ; --             ;
; EDA_TIME_SCALE                      ; 1 ps                                   ; --            ; --          ; eda_simulation ;
; MAX_CORE_JUNCTION_TEMP              ; 85                                     ; --            ; --          ; --             ;
; MIN_CORE_JUNCTION_TEMP              ; 0                                      ; --            ; --          ; --             ;
; PARTITION_COLOR                     ; -- (Not supported for targeted family) ; --            ; adder       ; Top            ;
; PARTITION_FITTER_PRESERVATION_LEVEL ; -- (Not supported for targeted family) ; --            ; adder       ; Top            ;
; PARTITION_NETLIST_TYPE              ; -- (Not supported for targeted family) ; --            ; adder       ; Top            ;
; POWER_BOARD_THERMAL_MODEL           ; None (CONSERVATIVE)                    ; --            ; --          ; --             ;
; POWER_PRESET_COOLING_SOLUTION       ; 23 MM HEAT SINK WITH 200 LFPM AIRFLOW  ; --            ; --          ; --             ;
; PROJECT_OUTPUT_DIRECTORY            ; output_files                           ; --            ; --          ; --             ;
; TOP_LEVEL_ENTITY                    ; adder                                  ; processor     ; --          ; --             ;
+-------------------------------------+----------------------------------------+---------------+-------------+----------------+


+-------------------------------------------------------------------------------------------------------------------------------+
; Flow Elapsed Time                                                                                                             ;
+---------------------------+--------------+-------------------------+---------------------+------------------------------------+
; Module Name               ; Elapsed Time ; Average Processors Used ; Peak Virtual Memory ; Total CPU Time (on all processors) ;
+---------------------------+--------------+-------------------------+---------------------+------------------------------------+
; Analysis & Synthesis      ; 00:00:11     ; 1.0                     ; 711 MB              ; 00:00:25                           ;
; Fitter                    ; 00:00:38     ; 1.0                     ; 2562 MB             ; 00:01:08                           ;
; Assembler                 ; 00:00:11     ; 1.0                     ; 721 MB              ; 00:00:09                           ;
; TimeQuest Timing Analyzer ; 00:00:06     ; 1.1                     ; 1031 MB             ; 00:00:06                           ;
; EDA Netlist Writer        ; 00:00:02     ; 1.0                     ; 628 MB              ; 00:00:01                           ;
; EDA Netlist Writer        ; 00:00:01     ; 1.0                     ; 601 MB              ; 00:00:01                           ;
; EDA Netlist Writer        ; 00:00:01     ; 1.0                     ; 602 MB              ; 00:00:01                           ;
; EDA Netlist Writer        ; 00:00:01     ; 1.0                     ; 602 MB              ; 00:00:01                           ;
; EDA Netlist Writer        ; 00:00:01     ; 1.0                     ; 602 MB              ; 00:00:01                           ;
; EDA Netlist Writer        ; 00:00:01     ; 1.0                     ; 611 MB              ; 00:00:01                           ;
; EDA Netlist Writer        ; 00:00:01     ; 1.0                     ; 602 MB              ; 00:00:01                           ;
; EDA Netlist Writer        ; 00:00:01     ; 1.0                     ; 629 MB              ; 00:00:01                           ;
; EDA Netlist Writer        ; 00:00:01     ; 1.0                     ; 602 MB              ; 00:00:01                           ;
; EDA Netlist Writer        ; 00:00:01     ; 1.0                     ; 630 MB              ; 00:00:01                           ;
; EDA Netlist Writer        ; 00:00:01     ; 1.0                     ; 602 MB              ; 00:00:01                           ;
; EDA Netlist Writer        ; 00:00:01     ; 1.0                     ; 629 MB              ; 00:00:01                           ;
; Total                     ; 00:01:19     ; --                      ; --                  ; 00:02:00                           ;
+---------------------------+--------------+-------------------------+---------------------+------------------------------------+


+-----------------------------------------------------------------------------------------+
; Flow OS Summary                                                                         ;
+---------------------------+------------------+------------+------------+----------------+
; Module Name               ; Machine Hostname ; OS Name    ; OS Version ; Processor type ;
+---------------------------+------------------+------------+------------+----------------+
; Analysis & Synthesis      ; XUXIAYU          ; Windows 10 ; 10.0       ; x86_64         ;
; Fitter                    ; XUXIAYU          ; Windows 10 ; 10.0       ; x86_64         ;
; Assembler                 ; XUXIAYU          ; Windows 10 ; 10.0       ; x86_64         ;
; TimeQuest Timing Analyzer ; XUXIAYU          ; Windows 10 ; 10.0       ; x86_64         ;
; EDA Netlist Writer        ; XUXIAYU          ; Windows 10 ; 10.0       ; x86_64         ;
; EDA Netlist Writer        ; XUXIAYU          ; Windows 10 ; 10.0       ; x86_64         ;
; EDA Netlist Writer        ; XUXIAYU          ; Windows 10 ; 10.0       ; x86_64         ;
; EDA Netlist Writer        ; XUXIAYU          ; Windows 10 ; 10.0       ; x86_64         ;
; EDA Netlist Writer        ; XUXIAYU          ; Windows 10 ; 10.0       ; x86_64         ;
; EDA Netlist Writer        ; XUXIAYU          ; Windows 10 ; 10.0       ; x86_64         ;
; EDA Netlist Writer        ; XUXIAYU          ; Windows 10 ; 10.0       ; x86_64         ;
; EDA Netlist Writer        ; XUXIAYU          ; Windows 10 ; 10.0       ; x86_64         ;
; EDA Netlist Writer        ; XUXIAYU          ; Windows 10 ; 10.0       ; x86_64         ;
; EDA Netlist Writer        ; XUXIAYU          ; Windows 10 ; 10.0       ; x86_64         ;
; EDA Netlist Writer        ; XUXIAYU          ; Windows 10 ; 10.0       ; x86_64         ;
; EDA Netlist Writer        ; XUXIAYU          ; Windows 10 ; 10.0       ; x86_64         ;
+---------------------------+------------------+------------+------------+----------------+


------------
; Flow Log ;
------------
quartus_map --read_settings_files=on --write_settings_files=off processor -c processor
quartus_fit --read_settings_files=off --write_settings_files=off processor -c processor
quartus_asm --read_settings_files=off --write_settings_files=off processor -c processor
quartus_sta processor -c processor
quartus_eda --read_settings_files=off --write_settings_files=off processor -c processor
quartus_eda --gen_testbench --tool=modelsim_oem --format=verilog --write_settings_files=off processor -c processor --vector_source="C:/intelFPGA_lite/17.0/Project/New Processor/Waveform.vwf" --testbench_file="C:/intelFPGA_lite/17.0/Project/New Processor/simulation/qsim/Waveform.vwf.vt"
quartus_eda --gen_testbench --tool=modelsim_oem --format=verilog --write_settings_files=off processor -c processor --vector_source="C:/intelFPGA_lite/17.0/Project/New Processor/Waveform.vwf" --testbench_file="C:/intelFPGA_lite/17.0/Project/New Processor/simulation/qsim/Waveform.vwf.vt"
quartus_eda --gen_testbench --tool=modelsim_oem --format=verilog --write_settings_files=off processor -c processor --vector_source="C:/intelFPGA_lite/17.0/Project/New Processor/Waveform.vwf" --testbench_file="C:/intelFPGA_lite/17.0/Project/New Processor/simulation/qsim/Waveform.vwf.vt"
quartus_eda --gen_testbench --tool=modelsim_oem --format=verilog --write_settings_files=off processor -c processor --vector_source="C:/intelFPGA_lite/17.0/Project/New Processor/Waveform.vwf" --testbench_file="C:/intelFPGA_lite/17.0/Project/New Processor/simulation/qsim/Waveform.vwf.vt"
quartus_eda --write_settings_files=off --simulation=on --functional=on --flatten_buses=off --tool=modelsim_oem --format=verilog --output_directory="C:/intelFPGA_lite/17.0/Project/New Processor/simulation/qsim/" processor -c processor
quartus_eda --gen_testbench --tool=modelsim_oem --format=verilog --write_settings_files=off processor -c processor --vector_source="C:/intelFPGA_lite/17.0/Project/New Processor/Waveform.vwf" --testbench_file="C:/intelFPGA_lite/17.0/Project/New Processor/simulation/qsim/Waveform.vwf.vt"
quartus_eda --write_settings_files=off --simulation=on --functional=off --flatten_buses=off --timescale=1ps --tool=modelsim_oem --format=verilog --output_directory="C:/intelFPGA_lite/17.0/Project/New Processor/simulation/qsim/" processor -c processor
quartus_eda --gen_testbench --tool=modelsim_oem --format=verilog --write_settings_files=off processor -c processor --vector_source="C:/intelFPGA_lite/17.0/Project/New Processor/Waveform.vwf" --testbench_file="C:/intelFPGA_lite/17.0/Project/New Processor/simulation/qsim/Waveform.vwf.vt"
quartus_eda --write_settings_files=off --simulation=on --functional=off --flatten_buses=off --timescale=1ps --tool=modelsim_oem --format=verilog --output_directory="C:/intelFPGA_lite/17.0/Project/New Processor/simulation/qsim/" processor -c processor
quartus_eda --gen_testbench --tool=modelsim_oem --format=verilog --write_settings_files=off processor -c processor --vector_source="C:/intelFPGA_lite/17.0/Project/New Processor/Waveform.vwf" --testbench_file="C:/intelFPGA_lite/17.0/Project/New Processor/simulation/qsim/Waveform.vwf.vt"
quartus_eda --write_settings_files=off --simulation=on --functional=off --flatten_buses=off --timescale=1ps --tool=modelsim_oem --format=verilog --output_directory="C:/intelFPGA_lite/17.0/Project/New Processor/simulation/qsim/" processor -c processor



